2023-12-01 20:17:36,878 INFO m.j.c.s.P.p.Phone [main] Phone/s created
2023-12-01 20:17:36,913 INFO m.j.c.s.P.Main [main] Class: main.java.com.solvd.PhonesHierarchyMaven.phone.Phone
2023-12-01 20:17:36,914 INFO m.j.c.s.P.Main [main] -----------Fields------------
2023-12-01 20:17:36,927 INFO m.j.c.s.P.Main [main] NAME = LOGGER TYPE = interface org.apache.logging.log4j.Logger MODIFIERS = private static final
2023-12-01 20:17:36,929 INFO m.j.c.s.P.Main [main] NAME = ObjectsPhoneCreated TYPE = int MODIFIERS = private static
2023-12-01 20:17:36,930 INFO m.j.c.s.P.Main [main] NAME = contactList TYPE = interface java.util.Map MODIFIERS = private
2023-12-01 20:17:36,932 INFO m.j.c.s.P.Main [main] NAME = picturesNamesList TYPE = interface java.util.List MODIFIERS = private
2023-12-01 20:17:36,933 INFO m.j.c.s.P.Main [main] NAME = videosNamesList TYPE = interface java.util.List MODIFIERS = private
2023-12-01 20:17:36,934 INFO m.j.c.s.P.Main [main] NAME = apps TYPE = interface java.util.Set MODIFIERS = private
2023-12-01 20:17:36,935 INFO m.j.c.s.P.Main [main] NAME = chargingConnectionEnum TYPE = class main.java.com.solvd.PhonesHierarchyMaven.phone.enums.ChargingConnection MODIFIERS = private
2023-12-01 20:17:36,936 INFO m.j.c.s.P.Main [main] NAME = brandEnum TYPE = class main.java.com.solvd.PhonesHierarchyMaven.phone.enums.Brand MODIFIERS = private
2023-12-01 20:17:36,937 INFO m.j.c.s.P.Main [main] NAME = model TYPE = class java.lang.String MODIFIERS = private final
2023-12-01 20:17:36,938 INFO m.j.c.s.P.Main [main] NAME = battery TYPE = class main.java.com.solvd.PhonesHierarchyMaven.phone.features.Battery MODIFIERS = private
2023-12-01 20:17:36,939 INFO m.j.c.s.P.Main [main] NAME = camera TYPE = class main.java.com.solvd.PhonesHierarchyMaven.phone.features.Camera MODIFIERS = private
2023-12-01 20:17:36,940 INFO m.j.c.s.P.Main [main] NAME = display TYPE = class main.java.com.solvd.PhonesHierarchyMaven.phone.features.Display MODIFIERS = private
2023-12-01 20:17:36,942 INFO m.j.c.s.P.Main [main] NAME = processor TYPE = class main.java.com.solvd.PhonesHierarchyMaven.phone.features.Processor MODIFIERS = private
2023-12-01 20:17:36,943 INFO m.j.c.s.P.Main [main] NAME = storageMemory TYPE = class main.java.com.solvd.PhonesHierarchyMaven.phone.features.StorageMemory MODIFIERS = private
2023-12-01 20:17:36,944 INFO m.j.c.s.P.Main [main] NAME = phoneNumber TYPE = long MODIFIERS = protected
2023-12-01 20:17:36,946 INFO m.j.c.s.P.Main [main] NAME = price TYPE = double MODIFIERS = protected
2023-12-01 20:17:36,948 INFO m.j.c.s.P.Main [main] NAME = weight TYPE = double MODIFIERS = protected
2023-12-01 20:17:36,949 INFO m.j.c.s.P.Main [main] -----------Constructors------------
2023-12-01 20:17:36,959 INFO m.j.c.s.P.Main [main] CONSTRUCTOR = main.java.com.solvd.PhonesHierarchyMaven.phone.Phone	 with 13 parameter/s
2023-12-01 20:17:36,961 INFO m.j.c.s.P.Main [main] 	 PARAMETERS: 
2023-12-01 20:17:36,962 INFO m.j.c.s.P.Main [main] 		arg0 class main.java.com.solvd.PhonesHierarchyMaven.phone.enums.Brand
2023-12-01 20:17:36,963 INFO m.j.c.s.P.Main [main] 		arg1 class main.java.com.solvd.PhonesHierarchyMaven.phone.enums.ChargingConnection
2023-12-01 20:17:36,964 INFO m.j.c.s.P.Main [main] 		arg2 class java.lang.String
2023-12-01 20:17:36,965 INFO m.j.c.s.P.Main [main] 		arg3 int
2023-12-01 20:17:36,966 INFO m.j.c.s.P.Main [main] 		arg4 int
2023-12-01 20:17:36,966 INFO m.j.c.s.P.Main [main] 		arg5 int
2023-12-01 20:17:36,967 INFO m.j.c.s.P.Main [main] 		arg6 double
2023-12-01 20:17:36,968 INFO m.j.c.s.P.Main [main] 		arg7 class java.lang.String
2023-12-01 20:17:36,969 INFO m.j.c.s.P.Main [main] 		arg8 int
2023-12-01 20:17:36,970 INFO m.j.c.s.P.Main [main] 		arg9 double
2023-12-01 20:17:36,970 INFO m.j.c.s.P.Main [main] 		arg10 long
2023-12-01 20:17:36,971 INFO m.j.c.s.P.Main [main] 		arg11 double
2023-12-01 20:17:36,972 INFO m.j.c.s.P.Main [main] 		arg12 double
2023-12-01 20:17:36,972 INFO m.j.c.s.P.Main [main] CONSTRUCTOR = main.java.com.solvd.PhonesHierarchyMaven.phone.Phone	 with 3 parameter/s
2023-12-01 20:17:36,973 INFO m.j.c.s.P.Main [main] 	 PARAMETERS: 
2023-12-01 20:17:36,974 INFO m.j.c.s.P.Main [main] 		arg0 class main.java.com.solvd.PhonesHierarchyMaven.phone.enums.Brand
2023-12-01 20:17:36,976 INFO m.j.c.s.P.Main [main] 		arg1 class java.lang.String
2023-12-01 20:17:36,977 INFO m.j.c.s.P.Main [main] 		arg2 class java.lang.String
2023-12-01 20:17:36,978 INFO m.j.c.s.P.Main [main] -----------Methods------------
2023-12-01 20:17:36,980 INFO m.j.c.s.P.Main [main] METHOD NAME = equals	 MODIFIERS = public
2023-12-01 20:17:36,981 INFO m.j.c.s.P.Main [main] METHOD NAME = toString	 MODIFIERS = public
2023-12-01 20:17:36,982 INFO m.j.c.s.P.Main [main] METHOD NAME = hashCode	 MODIFIERS = public
2023-12-01 20:17:36,983 INFO m.j.c.s.P.Main [main] METHOD NAME = expensivePhone	 MODIFIERS = public abstract
2023-12-01 20:17:36,984 INFO m.j.c.s.P.Main [main] METHOD NAME = getProcessor	 MODIFIERS = public
2023-12-01 20:17:36,985 INFO m.j.c.s.P.Main [main] METHOD NAME = getPhoneNumber	 MODIFIERS = public
2023-12-01 20:17:36,985 INFO m.j.c.s.P.Main [main] METHOD NAME = setPhoneNumber	 MODIFIERS = public
2023-12-01 20:17:36,986 INFO m.j.c.s.P.Main [main] METHOD NAME = getVideosNamesList	 MODIFIERS = public
2023-12-01 20:17:36,988 INFO m.j.c.s.P.Main [main] METHOD NAME = setProcessor	 MODIFIERS = public
2023-12-01 20:17:36,988 INFO m.j.c.s.P.Main [main] METHOD NAME = getContactList	 MODIFIERS = public
2023-12-01 20:17:36,989 INFO m.j.c.s.P.Main [main] METHOD NAME = setVideosNamesList	 MODIFIERS = public
2023-12-01 20:17:36,990 INFO m.j.c.s.P.Main [main] METHOD NAME = setStorageMemory	 MODIFIERS = public
2023-12-01 20:17:36,992 INFO m.j.c.s.P.Main [main] METHOD NAME = setContactList	 MODIFIERS = public
2023-12-01 20:17:36,993 INFO m.j.c.s.P.Main [main] METHOD NAME = printNumber	 MODIFIERS = protected
2023-12-01 20:17:36,994 INFO m.j.c.s.P.Main [main] METHOD NAME = getBrandEnum	 MODIFIERS = public
2023-12-01 20:17:36,995 INFO m.j.c.s.P.Main [main] METHOD NAME = getStorageMemory	 MODIFIERS = public
2023-12-01 20:17:36,996 INFO m.j.c.s.P.Main [main] METHOD NAME = exceptionOccurs	 MODIFIERS = public static
2023-12-01 20:17:36,996 INFO m.j.c.s.P.Main [main] METHOD NAME = showContactList	 MODIFIERS = public
2023-12-01 20:17:36,997 INFO m.j.c.s.P.Main [main] METHOD NAME = saveContact	 MODIFIERS = public
2023-12-01 20:17:36,998 INFO m.j.c.s.P.Main [main] METHOD NAME = setCamera	 MODIFIERS = public
2023-12-01 20:17:36,998 INFO m.j.c.s.P.Main [main] METHOD NAME = getDisplay	 MODIFIERS = public
2023-12-01 20:17:36,999 INFO m.j.c.s.P.Main [main] METHOD NAME = setDisplay	 MODIFIERS = public
2023-12-01 20:17:37,000 INFO m.j.c.s.P.Main [main] METHOD NAME = getWeight	 MODIFIERS = public
2023-12-01 20:17:37,001 INFO m.j.c.s.P.Main [main] METHOD NAME = setPrice	 MODIFIERS = public
2023-12-01 20:17:37,002 INFO m.j.c.s.P.Main [main] METHOD NAME = setWeight	 MODIFIERS = public
2023-12-01 20:17:37,002 INFO m.j.c.s.P.Main [main] METHOD NAME = charge	 MODIFIERS = public abstract
2023-12-01 20:17:37,003 INFO m.j.c.s.P.Main [main] METHOD NAME = phoneName	 MODIFIERS = public final
2023-12-01 20:17:37,004 INFO m.j.c.s.P.Main [main] METHOD NAME = setBattery	 MODIFIERS = public
2023-12-01 20:17:37,005 INFO m.j.c.s.P.Main [main] METHOD NAME = setApps	 MODIFIERS = public
2023-12-01 20:17:37,006 INFO m.j.c.s.P.Main [main] METHOD NAME = getModel	 MODIFIERS = public
2023-12-01 20:17:37,007 INFO m.j.c.s.P.Main [main] METHOD NAME = alarm	 MODIFIERS = public abstract
2023-12-01 20:17:37,008 INFO m.j.c.s.P.Main [main] METHOD NAME = getBattery	 MODIFIERS = public
2023-12-01 20:17:37,009 INFO m.j.c.s.P.Main [main] METHOD NAME = getPrice	 MODIFIERS = public
2023-12-01 20:17:37,010 INFO m.j.c.s.P.Main [main] METHOD NAME = showApps	 MODIFIERS = public
2023-12-01 20:17:37,011 INFO m.j.c.s.P.Main [main] METHOD NAME = getApps	 MODIFIERS = public
2023-12-01 20:17:37,012 INFO m.j.c.s.P.Main [main] METHOD NAME = getPicturesNamesList	 MODIFIERS = public
2023-12-01 20:17:37,012 INFO m.j.c.s.P.Main [main] METHOD NAME = setPicturesNamesList	 MODIFIERS = public
2023-12-01 20:17:37,013 INFO m.j.c.s.P.Main [main] METHOD NAME = lambda$showContactList$0	 MODIFIERS = private static
2023-12-01 20:17:37,014 INFO m.j.c.s.P.Main [main] METHOD NAME = priceHigherThan1000	 MODIFIERS = protected
2023-12-01 20:17:37,014 INFO m.j.c.s.P.Main [main] METHOD NAME = printExtraInformation	 MODIFIERS = public abstract
2023-12-01 20:17:37,015 INFO m.j.c.s.P.Main [main] METHOD NAME = showPicturesNamesList	 MODIFIERS = public
2023-12-01 20:17:37,016 INFO m.j.c.s.P.Main [main] METHOD NAME = getObjectsPhoneCreated	 MODIFIERS = public static
2023-12-01 20:17:37,017 INFO m.j.c.s.P.Main [main] METHOD NAME = showVideosNamesList	 MODIFIERS = public
2023-12-01 20:17:37,017 INFO m.j.c.s.P.Main [main] METHOD NAME = getChargingConnectionEnum	 MODIFIERS = public
2023-12-01 20:17:37,018 INFO m.j.c.s.P.Main [main] METHOD NAME = getCamera	 MODIFIERS = public
2023-12-01 20:17:37,019 INFO m.j.c.s.P.Main [main] METHOD NAME = installApp	 MODIFIERS = public
