2023-12-02 13:45:23,091 INFO m.j.c.s.P.p.Phone [main] Phone/s created
2023-12-02 13:45:23,142 INFO m.j.c.s.P.p.Phone [main] App ig installed in Asus ROGPhone6DUltimate
2023-12-02 13:45:23,143 INFO m.j.c.s.P.p.Phone [main] App YouTube installed in Samsung S22
2023-12-02 13:45:23,154 INFO m.j.c.s.P.Main [main] 4 phones have no Apps
2023-12-02 13:45:23,156 INFO m.j.c.s.P.p.RuggedPhone [main] Photo taken from a RuggedPhone: pic1
2023-12-02 13:45:23,157 INFO m.j.c.s.P.p.RuggedPhone [main] Photo taken from a RuggedPhone: pic2
2023-12-02 13:45:23,158 INFO m.j.c.s.P.p.RuggedPhone [main] Photo taken from a RuggedPhone: pic3
2023-12-02 13:45:23,160 INFO m.j.c.s.P.p.RuggedPhone [main] Photo taken from a RuggedPhone: pic4
2023-12-02 13:45:23,161 INFO m.j.c.s.P.p.RuggedPhone [main] Photo taken from a RuggedPhone: pic5
2023-12-02 13:45:23,165 INFO m.j.c.s.P.Main [main] CAT S62 PRO took 5 or more photos
2023-12-02 13:45:23,177 INFO m.j.c.s.P.Main [main] Average phone price: 783.3333333333334
2023-12-02 13:45:23,184 INFO m.j.c.s.P.Main [main] Weight sum: 860.0
2023-12-02 13:45:23,201 INFO m.j.c.s.P.Main [main] Phone number: 10000000	CAT S62 PRO
2023-12-02 13:45:23,202 INFO m.j.c.s.P.Main [main] Phone number: 11111111	Samsung S22
2023-12-02 13:45:23,203 INFO m.j.c.s.P.Main [main] Phone number: 12222222	Samsung S23
2023-12-02 13:45:23,205 INFO m.j.c.s.P.Main [main] Phone number: 22222222	Asus ROGPhone6DUltimate
2023-12-02 13:45:23,206 INFO m.j.c.s.P.Main [main] Phone number: 33333333	CAT S62 PRO
2023-12-02 13:45:23,207 INFO m.j.c.s.P.Main [main] Phone number: 44444444	Nokia 5310
2023-12-02 13:45:23,211 INFO m.j.c.s.P.Main [main] Battery charged of Samsung S22
2023-12-02 13:45:23,212 INFO m.j.c.s.P.Main [main] Battery charged of Samsung S23
2023-12-02 13:45:23,213 INFO m.j.c.s.P.Main [main] Batteries of Samsung Phones 100 percent charged
2023-12-02 13:45:23,225 INFO m.j.c.s.P.p.SmartPhone [main] Contact saved in SmartPhone: Fausto 341412342
2023-12-02 13:45:23,226 INFO m.j.c.s.P.Main [main] Fausto's number: Optional[341412342]
