2023-12-02 13:43:24,911 INFO m.j.c.s.P.p.Phone [main] Phone/s created
2023-12-02 13:43:24,961 INFO m.j.c.s.P.p.Phone [main] App ig installed in Asus ROGPhone6DUltimate
2023-12-02 13:43:24,962 INFO m.j.c.s.P.p.Phone [main] App YouTube installed in Samsung S22
2023-12-02 13:43:24,973 INFO m.j.c.s.P.Main [main] 3 phones have no Apps
2023-12-02 13:43:24,974 INFO m.j.c.s.P.p.RuggedPhone [main] Photo taken from a RuggedPhone: pic1
2023-12-02 13:43:24,976 INFO m.j.c.s.P.p.RuggedPhone [main] Photo taken from a RuggedPhone: pic2
2023-12-02 13:43:24,977 INFO m.j.c.s.P.p.RuggedPhone [main] Photo taken from a RuggedPhone: pic3
2023-12-02 13:43:24,980 INFO m.j.c.s.P.p.RuggedPhone [main] Photo taken from a RuggedPhone: pic4
2023-12-02 13:43:24,981 INFO m.j.c.s.P.p.RuggedPhone [main] Photo taken from a RuggedPhone: pic5
2023-12-02 13:43:24,985 INFO m.j.c.s.P.Main [main] CAT S62 PRO took 5 or more photos
2023-12-02 13:43:25,000 INFO m.j.c.s.P.Main [main] Average phone price: 760.0
2023-12-02 13:43:25,006 INFO m.j.c.s.P.Main [main] Weight sum: 730.0
2023-12-02 13:43:25,023 INFO m.j.c.s.P.Main [main] Phone number: 10000000	CAT S62 PRO
2023-12-02 13:43:25,024 INFO m.j.c.s.P.Main [main] Phone number: 11111111	Samsung S22
2023-12-02 13:43:25,025 INFO m.j.c.s.P.Main [main] Phone number: 22222222	Asus ROGPhone6DUltimate
2023-12-02 13:43:25,027 INFO m.j.c.s.P.Main [main] Phone number: 33333333	CAT S62 PRO
2023-12-02 13:43:25,028 INFO m.j.c.s.P.Main [main] Phone number: 44444444	Nokia 5310
2023-12-02 13:43:25,034 INFO m.j.c.s.P.Main [main] Battery charged of Samsung S22
2023-12-02 13:43:25,036 INFO m.j.c.s.P.Main [main] Batteries of Samsung Phones 100 percent charged
2023-12-02 13:43:25,054 INFO m.j.c.s.P.p.SmartPhone [main] Contact saved in SmartPhone: Fausto 341412342
2023-12-02 13:43:25,056 INFO m.j.c.s.P.Main [main] Fausto's number: Optional[341412342]
