2023-12-01 19:13:53,975 INFO m.j.c.s.P.p.Phone [main] Phone/s created
2023-12-01 19:13:54,020 INFO m.j.c.s.P.p.Phone [main] App ig installed in Asus ROGPhone6DUltimate
2023-12-01 19:13:54,021 INFO m.j.c.s.P.p.Phone [main] App YouTube installed in Samsung S22
2023-12-01 19:13:54,032 INFO m.j.c.s.P.Main [main] 3 phones have no Apps
2023-12-01 19:13:54,034 INFO m.j.c.s.P.Main [main] Class name: main.java.com.solvd.PhonesHierarchyMaven.phone.Phone
2023-12-01 19:13:54,035 INFO m.j.c.s.P.Main [main] main.java.com.solvd.PhonesHierarchyMaven.phone.Phone
2023-12-01 19:13:54,038 INFO m.j.c.s.P.Main [main] 	arg0
2023-12-01 19:13:54,040 INFO m.j.c.s.P.Main [main] 	arg1
2023-12-01 19:13:54,041 INFO m.j.c.s.P.Main [main] 	arg2
2023-12-01 19:13:54,042 INFO m.j.c.s.P.Main [main] 	arg3
2023-12-01 19:13:54,044 INFO m.j.c.s.P.Main [main] 	arg4
2023-12-01 19:13:54,045 INFO m.j.c.s.P.Main [main] 	arg5
2023-12-01 19:13:54,046 INFO m.j.c.s.P.Main [main] 	arg6
2023-12-01 19:13:54,047 INFO m.j.c.s.P.Main [main] 	arg7
2023-12-01 19:13:54,048 INFO m.j.c.s.P.Main [main] 	arg8
2023-12-01 19:13:54,050 INFO m.j.c.s.P.Main [main] 	arg9
2023-12-01 19:13:54,051 INFO m.j.c.s.P.Main [main] 	arg10
2023-12-01 19:13:54,052 INFO m.j.c.s.P.Main [main] 	arg11
2023-12-01 19:13:54,053 INFO m.j.c.s.P.Main [main] 	arg12
2023-12-01 19:13:54,054 INFO m.j.c.s.P.Main [main] main.java.com.solvd.PhonesHierarchyMaven.phone.Phone
2023-12-01 19:13:54,056 INFO m.j.c.s.P.Main [main] 	arg0
2023-12-01 19:13:54,056 INFO m.j.c.s.P.Main [main] 	arg1
2023-12-01 19:13:54,057 INFO m.j.c.s.P.Main [main] 	arg2
