2023-12-01 19:12:51,264 INFO m.j.c.s.P.p.Phone [main] Phone/s created
2023-12-01 19:12:51,316 INFO m.j.c.s.P.p.Phone [main] App ig installed in Asus ROGPhone6DUltimate
2023-12-01 19:12:51,317 INFO m.j.c.s.P.p.Phone [main] App YouTube installed in Samsung S22
2023-12-01 19:12:51,328 INFO m.j.c.s.P.Main [main] 3 phones have no Apps
2023-12-01 19:12:51,329 INFO m.j.c.s.P.Main [main] Class name: main.java.com.solvd.PhonesHierarchyMaven.phone.Phone
2023-12-01 19:12:51,330 INFO m.j.c.s.P.Main [main] main.java.com.solvd.PhonesHierarchyMaven.phone.Phone
2023-12-01 19:12:51,333 INFO m.j.c.s.P.Main [main] /targ0
2023-12-01 19:12:51,335 INFO m.j.c.s.P.Main [main] /targ1
2023-12-01 19:12:51,336 INFO m.j.c.s.P.Main [main] /targ2
2023-12-01 19:12:51,338 INFO m.j.c.s.P.Main [main] main.java.com.solvd.PhonesHierarchyMaven.phone.Phone
2023-12-01 19:12:51,339 INFO m.j.c.s.P.Main [main] /targ0
2023-12-01 19:12:51,340 INFO m.j.c.s.P.Main [main] /targ1
2023-12-01 19:12:51,341 INFO m.j.c.s.P.Main [main] /targ2
2023-12-01 19:12:51,342 INFO m.j.c.s.P.Main [main] /targ3
2023-12-01 19:12:51,343 INFO m.j.c.s.P.Main [main] /targ4
2023-12-01 19:12:51,345 INFO m.j.c.s.P.Main [main] /targ5
2023-12-01 19:12:51,346 INFO m.j.c.s.P.Main [main] /targ6
2023-12-01 19:12:51,348 INFO m.j.c.s.P.Main [main] /targ7
2023-12-01 19:12:51,349 INFO m.j.c.s.P.Main [main] /targ8
2023-12-01 19:12:51,350 INFO m.j.c.s.P.Main [main] /targ9
2023-12-01 19:12:51,351 INFO m.j.c.s.P.Main [main] /targ10
2023-12-01 19:12:51,352 INFO m.j.c.s.P.Main [main] /targ11
2023-12-01 19:12:51,354 INFO m.j.c.s.P.Main [main] /targ12
