2023-12-01 19:55:22,720 INFO m.j.c.s.P.p.Phone [main] Phone/s created
2023-12-01 19:55:22,762 INFO m.j.c.s.P.p.Phone [main] App ig installed in Asus ROGPhone6DUltimate
2023-12-01 19:55:22,763 INFO m.j.c.s.P.p.Phone [main] App YouTube installed in Samsung S22
2023-12-01 19:55:22,774 INFO m.j.c.s.P.Main [main] 3 phones have no Apps
2023-12-01 19:55:22,775 INFO m.j.c.s.P.Main [main] Class name: main.java.com.solvd.PhonesHierarchyMaven.phone.Phone
2023-12-01 19:55:22,777 INFO m.j.c.s.P.Main [main] NAME = LOGGER TYPE = interface org.apache.logging.log4j.Logger MODIFIERS = private static final
2023-12-01 19:55:22,778 INFO m.j.c.s.P.Main [main] NAME = ObjectsPhoneCreated TYPE = int MODIFIERS = private static
2023-12-01 19:55:22,779 INFO m.j.c.s.P.Main [main] NAME = contactList TYPE = interface java.util.Map MODIFIERS = private
2023-12-01 19:55:22,780 INFO m.j.c.s.P.Main [main] NAME = picturesNamesList TYPE = interface java.util.List MODIFIERS = private
2023-12-01 19:55:22,781 INFO m.j.c.s.P.Main [main] NAME = videosNamesList TYPE = interface java.util.List MODIFIERS = private
2023-12-01 19:55:22,783 INFO m.j.c.s.P.Main [main] NAME = apps TYPE = interface java.util.Set MODIFIERS = private
2023-12-01 19:55:22,784 INFO m.j.c.s.P.Main [main] NAME = chargingConnectionEnum TYPE = class main.java.com.solvd.PhonesHierarchyMaven.phone.enums.ChargingConnection MODIFIERS = private
2023-12-01 19:55:22,785 INFO m.j.c.s.P.Main [main] NAME = brandEnum TYPE = class main.java.com.solvd.PhonesHierarchyMaven.phone.enums.Brand MODIFIERS = private
2023-12-01 19:55:22,786 INFO m.j.c.s.P.Main [main] NAME = model TYPE = class java.lang.String MODIFIERS = private final
2023-12-01 19:55:22,787 INFO m.j.c.s.P.Main [main] NAME = battery TYPE = class main.java.com.solvd.PhonesHierarchyMaven.phone.features.Battery MODIFIERS = private
2023-12-01 19:55:22,788 INFO m.j.c.s.P.Main [main] NAME = camera TYPE = class main.java.com.solvd.PhonesHierarchyMaven.phone.features.Camera MODIFIERS = private
2023-12-01 19:55:22,790 INFO m.j.c.s.P.Main [main] NAME = display TYPE = class main.java.com.solvd.PhonesHierarchyMaven.phone.features.Display MODIFIERS = private
2023-12-01 19:55:22,791 INFO m.j.c.s.P.Main [main] NAME = processor TYPE = class main.java.com.solvd.PhonesHierarchyMaven.phone.features.Processor MODIFIERS = private
2023-12-01 19:55:22,792 INFO m.j.c.s.P.Main [main] NAME = storageMemory TYPE = class main.java.com.solvd.PhonesHierarchyMaven.phone.features.StorageMemory MODIFIERS = private
2023-12-01 19:55:22,793 INFO m.j.c.s.P.Main [main] NAME = phoneNumber TYPE = long MODIFIERS = protected
2023-12-01 19:55:22,793 INFO m.j.c.s.P.Main [main] NAME = price TYPE = double MODIFIERS = protected
2023-12-01 19:55:22,794 INFO m.j.c.s.P.Main [main] NAME = weight TYPE = double MODIFIERS = protected
2023-12-01 19:55:22,804 INFO m.j.c.s.P.Main [main] Constructor name = main.java.com.solvd.PhonesHierarchyMaven.phone.Phone
 	3 parameter/s
2023-12-01 19:55:22,805 INFO m.j.c.s.P.Main [main] 	arg0 class main.java.com.solvd.PhonesHierarchyMaven.phone.enums.Brand
2023-12-01 19:55:22,806 INFO m.j.c.s.P.Main [main] 	arg1 class java.lang.String
2023-12-01 19:55:22,807 INFO m.j.c.s.P.Main [main] 	arg2 class java.lang.String
2023-12-01 19:55:22,808 INFO m.j.c.s.P.Main [main] Constructor name = main.java.com.solvd.PhonesHierarchyMaven.phone.Phone
 	13 parameter/s
2023-12-01 19:55:22,809 INFO m.j.c.s.P.Main [main] 	arg0 class main.java.com.solvd.PhonesHierarchyMaven.phone.enums.Brand
2023-12-01 19:55:22,809 INFO m.j.c.s.P.Main [main] 	arg1 class main.java.com.solvd.PhonesHierarchyMaven.phone.enums.ChargingConnection
2023-12-01 19:55:22,810 INFO m.j.c.s.P.Main [main] 	arg2 class java.lang.String
2023-12-01 19:55:22,811 INFO m.j.c.s.P.Main [main] 	arg3 int
2023-12-01 19:55:22,812 INFO m.j.c.s.P.Main [main] 	arg4 int
2023-12-01 19:55:22,813 INFO m.j.c.s.P.Main [main] 	arg5 int
2023-12-01 19:55:22,814 INFO m.j.c.s.P.Main [main] 	arg6 double
2023-12-01 19:55:22,815 INFO m.j.c.s.P.Main [main] 	arg7 class java.lang.String
2023-12-01 19:55:22,816 INFO m.j.c.s.P.Main [main] 	arg8 int
2023-12-01 19:55:22,817 INFO m.j.c.s.P.Main [main] 	arg9 double
2023-12-01 19:55:22,818 INFO m.j.c.s.P.Main [main] 	arg10 long
2023-12-01 19:55:22,819 INFO m.j.c.s.P.Main [main] 	arg11 double
2023-12-01 19:55:22,820 INFO m.j.c.s.P.Main [main] 	arg12 double
2023-12-01 19:55:22,822 INFO m.j.c.s.P.Main [main] Method name = equals	 Modifiers = public
2023-12-01 19:55:22,824 INFO m.j.c.s.P.Main [main] Method name = toString	 Modifiers = public
2023-12-01 19:55:22,825 INFO m.j.c.s.P.Main [main] Method name = hashCode	 Modifiers = public
2023-12-01 19:55:22,826 INFO m.j.c.s.P.Main [main] Method name = setApps	 Modifiers = public
2023-12-01 19:55:22,827 INFO m.j.c.s.P.Main [main] Method name = charge	 Modifiers = public abstract
2023-12-01 19:55:22,828 INFO m.j.c.s.P.Main [main] Method name = getPrice	 Modifiers = public
2023-12-01 19:55:22,829 INFO m.j.c.s.P.Main [main] Method name = getApps	 Modifiers = public
2023-12-01 19:55:22,831 INFO m.j.c.s.P.Main [main] Method name = getBattery	 Modifiers = public
2023-12-01 19:55:22,832 INFO m.j.c.s.P.Main [main] Method name = getCamera	 Modifiers = public
2023-12-01 19:55:22,833 INFO m.j.c.s.P.Main [main] Method name = showApps	 Modifiers = public
2023-12-01 19:55:22,835 INFO m.j.c.s.P.Main [main] Method name = installApp	 Modifiers = public
2023-12-01 19:55:22,836 INFO m.j.c.s.P.Main [main] Method name = setProcessor	 Modifiers = public
2023-12-01 19:55:22,837 INFO m.j.c.s.P.Main [main] Method name = expensivePhone	 Modifiers = public abstract
2023-12-01 19:55:22,839 INFO m.j.c.s.P.Main [main] Method name = setContactList	 Modifiers = public
2023-12-01 19:55:22,840 INFO m.j.c.s.P.Main [main] Method name = setPhoneNumber	 Modifiers = public
2023-12-01 19:55:22,841 INFO m.j.c.s.P.Main [main] Method name = setVideosNamesList	 Modifiers = public
2023-12-01 19:55:22,843 INFO m.j.c.s.P.Main [main] Method name = getProcessor	 Modifiers = public
2023-12-01 19:55:22,844 INFO m.j.c.s.P.Main [main] Method name = printNumber	 Modifiers = protected
2023-12-01 19:55:22,845 INFO m.j.c.s.P.Main [main] Method name = setStorageMemory	 Modifiers = public
2023-12-01 19:55:22,846 INFO m.j.c.s.P.Main [main] Method name = getVideosNamesList	 Modifiers = public
2023-12-01 19:55:22,847 INFO m.j.c.s.P.Main [main] Method name = getContactList	 Modifiers = public
2023-12-01 19:55:22,848 INFO m.j.c.s.P.Main [main] Method name = getPhoneNumber	 Modifiers = public
2023-12-01 19:55:22,848 INFO m.j.c.s.P.Main [main] Method name = getBrandEnum	 Modifiers = public
2023-12-01 19:55:22,850 INFO m.j.c.s.P.Main [main] Method name = saveContact	 Modifiers = public
2023-12-01 19:55:22,850 INFO m.j.c.s.P.Main [main] Method name = showContactList	 Modifiers = public
2023-12-01 19:55:22,852 INFO m.j.c.s.P.Main [main] Method name = exceptionOccurs	 Modifiers = public static
2023-12-01 19:55:22,852 INFO m.j.c.s.P.Main [main] Method name = getStorageMemory	 Modifiers = public
2023-12-01 19:55:22,853 INFO m.j.c.s.P.Main [main] Method name = priceHigherThan1000	 Modifiers = protected
2023-12-01 19:55:22,854 INFO m.j.c.s.P.Main [main] Method name = setPicturesNamesList	 Modifiers = public
2023-12-01 19:55:22,855 INFO m.j.c.s.P.Main [main] Method name = getPicturesNamesList	 Modifiers = public
2023-12-01 19:55:22,856 INFO m.j.c.s.P.Main [main] Method name = printExtraInformation	 Modifiers = public abstract
2023-12-01 19:55:22,857 INFO m.j.c.s.P.Main [main] Method name = lambda$showContactList$0	 Modifiers = private static
2023-12-01 19:55:22,858 INFO m.j.c.s.P.Main [main] Method name = setWeight	 Modifiers = public
2023-12-01 19:55:22,859 INFO m.j.c.s.P.Main [main] Method name = alarm	 Modifiers = public abstract
2023-12-01 19:55:22,860 INFO m.j.c.s.P.Main [main] Method name = getDisplay	 Modifiers = public
2023-12-01 19:55:22,861 INFO m.j.c.s.P.Main [main] Method name = setBattery	 Modifiers = public
2023-12-01 19:55:22,862 INFO m.j.c.s.P.Main [main] Method name = setDisplay	 Modifiers = public
2023-12-01 19:55:22,863 INFO m.j.c.s.P.Main [main] Method name = getWeight	 Modifiers = public
2023-12-01 19:55:22,864 INFO m.j.c.s.P.Main [main] Method name = getModel	 Modifiers = public
2023-12-01 19:55:22,865 INFO m.j.c.s.P.Main [main] Method name = setPrice	 Modifiers = public
2023-12-01 19:55:22,866 INFO m.j.c.s.P.Main [main] Method name = phoneName	 Modifiers = public final
2023-12-01 19:55:22,867 INFO m.j.c.s.P.Main [main] Method name = setCamera	 Modifiers = public
2023-12-01 19:55:22,868 INFO m.j.c.s.P.Main [main] Method name = getChargingConnectionEnum	 Modifiers = public
2023-12-01 19:55:22,868 INFO m.j.c.s.P.Main [main] Method name = showPicturesNamesList	 Modifiers = public
2023-12-01 19:55:22,869 INFO m.j.c.s.P.Main [main] Method name = showVideosNamesList	 Modifiers = public
2023-12-01 19:55:22,870 INFO m.j.c.s.P.Main [main] Method name = getObjectsPhoneCreated	 Modifiers = public static
